2025-09-29 16:03:27,939 [INFO] ==== daily update start ====
2025-09-29 16:03:27,939 [INFO] run: D:\FEandBE\travel-ai\.venv\Scripts\python.exe -m src.etl data/itinerary_dataset.csv
2025-09-29 16:03:28,522 [WARNING] Traceback (most recent call last):
  File "<frozen runpy>", line 198, in _run_module_as_main
  File "<frozen runpy>", line 88, in _run_code
  File "D:\FEandBE\travel-ai\src\etl.py", line 153, in <module>
    print(f"\u2705 Wrote {outp} with {len(df)} rows")
  File "C:\Program Files\WindowsApps\PythonSoftwareFoundation.Python.3.11_3.11.2544.0_x64__qbz5n2kfra8p0\Lib\encodings\cp1252.py", line 19, in encode
    return codecs.charmap_encode(input,self.errors,encoding_table)[0]
           ^^^^^^^^^^^^^^^^^^^^^^^^^^^^^^^^^^^^^^^^^^^^^^^^^^^^^^^
UnicodeEncodeError: 'charmap' codec can't encode character '\u2705' in position 0: character maps to <undefined>
2025-09-29 16:03:28,525 [ERROR] failed: D:\FEandBE\travel-ai\.venv\Scripts\python.exe -m src.etl data/itinerary_dataset.csv (code 1)
2025-09-29 16:03:28,529 [INFO] run: D:\FEandBE\travel-ai\.venv\Scripts\python.exe -m src.build_index
2025-09-29 16:03:29,834 [WARNING] Traceback (most recent call last):
  File "<frozen runpy>", line 198, in _run_module_as_main
  File "<frozen runpy>", line 88, in _run_code
  File "D:\FEandBE\travel-ai\src\build_index.py", line 38, in <module>
    main()
  File "D:\FEandBE\travel-ai\src\build_index.py", line 33, in main
    print(f"\u2705 Built TF-IDF: {X.shape[0]} items, {X.shape[1]} terms")
  File "C:\Program Files\WindowsApps\PythonSoftwareFoundation.Python.3.11_3.11.2544.0_x64__qbz5n2kfra8p0\Lib\encodings\cp1252.py", line 19, in encode
    return codecs.charmap_encode(input,self.errors,encoding_table)[0]
           ^^^^^^^^^^^^^^^^^^^^^^^^^^^^^^^^^^^^^^^^^^^^^^^^^^^^^^^
UnicodeEncodeError: 'charmap' codec can't encode character '\u2705' in position 0: character maps to <undefined>
2025-09-29 16:03:29,834 [ERROR] failed: D:\FEandBE\travel-ai\.venv\Scripts\python.exe -m src.build_index (code 1)
2025-09-29 16:03:29,836 [INFO] run: D:\FEandBE\travel-ai\.venv\Scripts\python.exe build_nn.py
2025-09-29 16:15:00,642 [INFO] ==== daily update start ====
2025-09-29 16:15:00,642 [INFO] run: D:\FEandBE\travel-ai\.venv\Scripts\python.exe -m src.etl data/itinerary_dataset.csv
2025-09-29 16:15:01,251 [WARNING] Traceback (most recent call last):
  File "<frozen runpy>", line 198, in _run_module_as_main
  File "<frozen runpy>", line 88, in _run_code
  File "D:\FEandBE\travel-ai\src\etl.py", line 153, in <module>
    print(f"\u2705 Wrote {outp} with {len(df)} rows")
  File "C:\Program Files\WindowsApps\PythonSoftwareFoundation.Python.3.11_3.11.2544.0_x64__qbz5n2kfra8p0\Lib\encodings\cp1252.py", line 19, in encode
    return codecs.charmap_encode(input,self.errors,encoding_table)[0]
           ^^^^^^^^^^^^^^^^^^^^^^^^^^^^^^^^^^^^^^^^^^^^^^^^^^^^^^^
UnicodeEncodeError: 'charmap' codec can't encode character '\u2705' in position 0: character maps to <undefined>
2025-09-29 16:15:01,251 [ERROR] failed: D:\FEandBE\travel-ai\.venv\Scripts\python.exe -m src.etl data/itinerary_dataset.csv (code 1)
2025-09-29 16:15:01,253 [INFO] run: D:\FEandBE\travel-ai\.venv\Scripts\python.exe -m src.build_index
2025-09-29 16:15:02,381 [WARNING] Traceback (most recent call last):
  File "<frozen runpy>", line 198, in _run_module_as_main
  File "<frozen runpy>", line 88, in _run_code
  File "D:\FEandBE\travel-ai\src\build_index.py", line 38, in <module>
    main()
  File "D:\FEandBE\travel-ai\src\build_index.py", line 33, in main
    print(f"\u2705 Built TF-IDF: {X.shape[0]} items, {X.shape[1]} terms")
  File "C:\Program Files\WindowsApps\PythonSoftwareFoundation.Python.3.11_3.11.2544.0_x64__qbz5n2kfra8p0\Lib\encodings\cp1252.py", line 19, in encode
    return codecs.charmap_encode(input,self.errors,encoding_table)[0]
           ^^^^^^^^^^^^^^^^^^^^^^^^^^^^^^^^^^^^^^^^^^^^^^^^^^^^^^^
UnicodeEncodeError: 'charmap' codec can't encode character '\u2705' in position 0: character maps to <undefined>
2025-09-29 16:15:02,381 [ERROR] failed: D:\FEandBE\travel-ai\.venv\Scripts\python.exe -m src.build_index (code 1)
2025-09-29 16:15:02,382 [INFO] run: D:\FEandBE\travel-ai\.venv\Scripts\python.exe build_nn.py
2025-09-29 16:15:07,413 [WARNING] Traceback (most recent call last):
  File "D:\FEandBE\travel-ai\build_nn.py", line 76, in <module>
    main()
  File "D:\FEandBE\travel-ai\build_nn.py", line 37, in main
    print(f"\U0001f9e0 Loading model: {MODEL_NAME}")
  File "C:\Program Files\WindowsApps\PythonSoftwareFoundation.Python.3.11_3.11.2544.0_x64__qbz5n2kfra8p0\Lib\encodings\cp1252.py", line 19, in encode
    return codecs.charmap_encode(input,self.errors,encoding_table)[0]
           ^^^^^^^^^^^^^^^^^^^^^^^^^^^^^^^^^^^^^^^^^^^^^^^^^^^^^^^
UnicodeEncodeError: 'charmap' codec can't encode character '\U0001f9e0' in position 0: character maps to <undefined>
2025-09-29 16:15:07,414 [ERROR] failed: D:\FEandBE\travel-ai\.venv\Scripts\python.exe build_nn.py (code 1)
2025-09-29 16:15:07,415 [INFO] run: D:\FEandBE\travel-ai\.venv\Scripts\python.exe -m src.etl_qna data/qna_places.csv
2025-09-29 16:15:07,957 [WARNING] Traceback (most recent call last):
  File "<frozen runpy>", line 198, in _run_module_as_main
  File "<frozen runpy>", line 88, in _run_code
  File "D:\FEandBE\travel-ai\src\etl_qna.py", line 119, in <module>
    main(sys.argv[1], OUT_PARQUET)
  File "D:\FEandBE\travel-ai\src\etl_qna.py", line 111, in main
    print(f"\u2705 Wrote {out_parquet} with {len(df)} rows")
  File "C:\Program Files\WindowsApps\PythonSoftwareFoundation.Python.3.11_3.11.2544.0_x64__qbz5n2kfra8p0\Lib\encodings\cp1252.py", line 19, in encode
    return codecs.charmap_encode(input,self.errors,encoding_table)[0]
           ^^^^^^^^^^^^^^^^^^^^^^^^^^^^^^^^^^^^^^^^^^^^^^^^^^^^^^^
UnicodeEncodeError: 'charmap' codec can't encode character '\u2705' in position 0: character maps to <undefined>
2025-09-29 16:15:07,957 [ERROR] failed: D:\FEandBE\travel-ai\.venv\Scripts\python.exe -m src.etl_qna data/qna_places.csv (code 1)
2025-09-29 16:15:07,959 [INFO] run: D:\FEandBE\travel-ai\.venv\Scripts\python.exe build_qna_nn.py
2025-09-29 16:15:19,348 [WARNING] Batches:   0%|          | 0/1 [00:00<?, ?it/s]
Batches: 100%|##########| 1/1 [00:00<00:00,  1.12it/s]
Batches: 100%|##########| 1/1 [00:00<00:00,  1.12it/s]
Traceback (most recent call last):
  File "D:\FEandBE\travel-ai\build_qna_nn.py", line 39, in <module>
    main()
  File "D:\FEandBE\travel-ai\build_qna_nn.py", line 35, in main
    print(f"\u2705 Saved {OUT_NPY} ({embs.shape}) and {OUT_META}")
  File "C:\Program Files\WindowsApps\PythonSoftwareFoundation.Python.3.11_3.11.2544.0_x64__qbz5n2kfra8p0\Lib\encodings\cp1252.py", line 19, in encode
    return codecs.charmap_encode(input,self.errors,encoding_table)[0]
           ^^^^^^^^^^^^^^^^^^^^^^^^^^^^^^^^^^^^^^^^^^^^^^^^^^^^^^^
UnicodeEncodeError: 'charmap' codec can't encode character '\u2705' in position 0: character maps to <undefined>
2025-09-29 16:15:19,348 [ERROR] failed: D:\FEandBE\travel-ai\.venv\Scripts\python.exe build_qna_nn.py (code 1)
2025-09-29 16:15:19,352 [INFO] ==== daily update done | ok=False | 18.7s ====
2025-09-29 17:33:06,353 [INFO] ==== daily update start ====
2025-09-29 17:33:06,354 [INFO] run: D:\FEandBE\travel-ai\.venv\Scripts\python.exe -m src.etl data/itinerary_dataset.csv
2025-09-29 17:33:07,005 [WARNING] Traceback (most recent call last):
  File "<frozen runpy>", line 198, in _run_module_as_main
  File "<frozen runpy>", line 88, in _run_code
  File "D:\FEandBE\travel-ai\src\etl.py", line 153, in <module>
    print(f"\u2705 Wrote {outp} with {len(df)} rows")
  File "C:\Program Files\WindowsApps\PythonSoftwareFoundation.Python.3.11_3.11.2544.0_x64__qbz5n2kfra8p0\Lib\encodings\cp1252.py", line 19, in encode
    return codecs.charmap_encode(input,self.errors,encoding_table)[0]
           ^^^^^^^^^^^^^^^^^^^^^^^^^^^^^^^^^^^^^^^^^^^^^^^^^^^^^^^
UnicodeEncodeError: 'charmap' codec can't encode character '\u2705' in position 0: character maps to <undefined>
2025-09-29 17:33:07,006 [ERROR] failed: D:\FEandBE\travel-ai\.venv\Scripts\python.exe -m src.etl data/itinerary_dataset.csv (code 1)
2025-09-29 17:33:07,007 [INFO] run: D:\FEandBE\travel-ai\.venv\Scripts\python.exe -m src.build_index
2025-09-29 17:33:08,308 [WARNING] Traceback (most recent call last):
  File "<frozen runpy>", line 198, in _run_module_as_main
  File "<frozen runpy>", line 88, in _run_code
  File "D:\FEandBE\travel-ai\src\build_index.py", line 38, in <module>
    main()
  File "D:\FEandBE\travel-ai\src\build_index.py", line 33, in main
    print(f"\u2705 Built TF-IDF: {X.shape[0]} items, {X.shape[1]} terms")
  File "C:\Program Files\WindowsApps\PythonSoftwareFoundation.Python.3.11_3.11.2544.0_x64__qbz5n2kfra8p0\Lib\encodings\cp1252.py", line 19, in encode
    return codecs.charmap_encode(input,self.errors,encoding_table)[0]
           ^^^^^^^^^^^^^^^^^^^^^^^^^^^^^^^^^^^^^^^^^^^^^^^^^^^^^^^
UnicodeEncodeError: 'charmap' codec can't encode character '\u2705' in position 0: character maps to <undefined>
2025-09-29 17:33:08,308 [ERROR] failed: D:\FEandBE\travel-ai\.venv\Scripts\python.exe -m src.build_index (code 1)
2025-09-29 17:33:08,310 [INFO] run: D:\FEandBE\travel-ai\.venv\Scripts\python.exe build_nn.py
2025-09-29 17:33:18,021 [WARNING] Traceback (most recent call last):
  File "D:\FEandBE\travel-ai\build_nn.py", line 76, in <module>
    main()
  File "D:\FEandBE\travel-ai\build_nn.py", line 37, in main
    print(f"\U0001f9e0 Loading model: {MODEL_NAME}")
  File "C:\Program Files\WindowsApps\PythonSoftwareFoundation.Python.3.11_3.11.2544.0_x64__qbz5n2kfra8p0\Lib\encodings\cp1252.py", line 19, in encode
    return codecs.charmap_encode(input,self.errors,encoding_table)[0]
           ^^^^^^^^^^^^^^^^^^^^^^^^^^^^^^^^^^^^^^^^^^^^^^^^^^^^^^^
UnicodeEncodeError: 'charmap' codec can't encode character '\U0001f9e0' in position 0: character maps to <undefined>
2025-09-29 17:33:18,022 [ERROR] failed: D:\FEandBE\travel-ai\.venv\Scripts\python.exe build_nn.py (code 1)
2025-09-29 17:33:18,026 [INFO] run: D:\FEandBE\travel-ai\.venv\Scripts\python.exe -m src.etl_qna data/qna_places.csv
2025-09-29 17:33:18,530 [WARNING] Traceback (most recent call last):
  File "<frozen runpy>", line 198, in _run_module_as_main
  File "<frozen runpy>", line 88, in _run_code
  File "D:\FEandBE\travel-ai\src\etl_qna.py", line 119, in <module>
    main(sys.argv[1], OUT_PARQUET)
  File "D:\FEandBE\travel-ai\src\etl_qna.py", line 111, in main
    print(f"\u2705 Wrote {out_parquet} with {len(df)} rows")
  File "C:\Program Files\WindowsApps\PythonSoftwareFoundation.Python.3.11_3.11.2544.0_x64__qbz5n2kfra8p0\Lib\encodings\cp1252.py", line 19, in encode
    return codecs.charmap_encode(input,self.errors,encoding_table)[0]
           ^^^^^^^^^^^^^^^^^^^^^^^^^^^^^^^^^^^^^^^^^^^^^^^^^^^^^^^
UnicodeEncodeError: 'charmap' codec can't encode character '\u2705' in position 0: character maps to <undefined>
2025-09-29 17:33:18,531 [ERROR] failed: D:\FEandBE\travel-ai\.venv\Scripts\python.exe -m src.etl_qna data/qna_places.csv (code 1)
2025-09-29 17:33:18,533 [INFO] run: D:\FEandBE\travel-ai\.venv\Scripts\python.exe build_qna_nn.py
2025-09-29 17:33:36,083 [WARNING] Batches:   0%|          | 0/1 [00:00<?, ?it/s]
Batches: 100%|##########| 1/1 [00:01<00:00,  1.84s/it]
Batches: 100%|##########| 1/1 [00:01<00:00,  1.85s/it]
Traceback (most recent call last):
  File "D:\FEandBE\travel-ai\build_qna_nn.py", line 39, in <module>
    main()
  File "D:\FEandBE\travel-ai\build_qna_nn.py", line 35, in main
    print(f"\u2705 Saved {OUT_NPY} ({embs.shape}) and {OUT_META}")
  File "C:\Program Files\WindowsApps\PythonSoftwareFoundation.Python.3.11_3.11.2544.0_x64__qbz5n2kfra8p0\Lib\encodings\cp1252.py", line 19, in encode
    return codecs.charmap_encode(input,self.errors,encoding_table)[0]
           ^^^^^^^^^^^^^^^^^^^^^^^^^^^^^^^^^^^^^^^^^^^^^^^^^^^^^^^
UnicodeEncodeError: 'charmap' codec can't encode character '\u2705' in position 0: character maps to <undefined>
2025-09-29 17:33:36,084 [ERROR] failed: D:\FEandBE\travel-ai\.venv\Scripts\python.exe build_qna_nn.py (code 1)
2025-09-29 17:33:36,089 [INFO] ==== daily update done | ok=False | 29.7s ====
2025-09-29 18:09:20,690 [INFO] ==== daily update start ====
2025-09-29 18:09:20,690 [INFO] run: D:\FEandBE\travel-ai\.venv\Scripts\python.exe -m src.etl data/itinerary_dataset.csv
2025-09-29 18:09:21,242 [WARNING] Traceback (most recent call last):
  File "<frozen runpy>", line 198, in _run_module_as_main
  File "<frozen runpy>", line 88, in _run_code
  File "D:\FEandBE\travel-ai\src\etl.py", line 153, in <module>
    print(f"\u2705 Wrote {outp} with {len(df)} rows")
  File "C:\Program Files\WindowsApps\PythonSoftwareFoundation.Python.3.11_3.11.2544.0_x64__qbz5n2kfra8p0\Lib\encodings\cp1252.py", line 19, in encode
    return codecs.charmap_encode(input,self.errors,encoding_table)[0]
           ^^^^^^^^^^^^^^^^^^^^^^^^^^^^^^^^^^^^^^^^^^^^^^^^^^^^^^^
UnicodeEncodeError: 'charmap' codec can't encode character '\u2705' in position 0: character maps to <undefined>
2025-09-29 18:09:21,243 [ERROR] failed: D:\FEandBE\travel-ai\.venv\Scripts\python.exe -m src.etl data/itinerary_dataset.csv (code 1)
2025-09-29 18:09:21,244 [INFO] run: D:\FEandBE\travel-ai\.venv\Scripts\python.exe -m src.build_index
2025-09-29 18:09:22,435 [WARNING] Traceback (most recent call last):
  File "<frozen runpy>", line 198, in _run_module_as_main
  File "<frozen runpy>", line 88, in _run_code
  File "D:\FEandBE\travel-ai\src\build_index.py", line 38, in <module>
    main()
  File "D:\FEandBE\travel-ai\src\build_index.py", line 33, in main
    print(f"\u2705 Built TF-IDF: {X.shape[0]} items, {X.shape[1]} terms")
  File "C:\Program Files\WindowsApps\PythonSoftwareFoundation.Python.3.11_3.11.2544.0_x64__qbz5n2kfra8p0\Lib\encodings\cp1252.py", line 19, in encode
    return codecs.charmap_encode(input,self.errors,encoding_table)[0]
           ^^^^^^^^^^^^^^^^^^^^^^^^^^^^^^^^^^^^^^^^^^^^^^^^^^^^^^^
UnicodeEncodeError: 'charmap' codec can't encode character '\u2705' in position 0: character maps to <undefined>
2025-09-29 18:09:22,436 [ERROR] failed: D:\FEandBE\travel-ai\.venv\Scripts\python.exe -m src.build_index (code 1)
2025-09-29 18:09:22,437 [INFO] run: D:\FEandBE\travel-ai\.venv\Scripts\python.exe build_nn.py
2025-09-29 18:09:30,812 [WARNING] Traceback (most recent call last):
  File "D:\FEandBE\travel-ai\build_nn.py", line 76, in <module>
    main()
  File "D:\FEandBE\travel-ai\build_nn.py", line 37, in main
    print(f"\U0001f9e0 Loading model: {MODEL_NAME}")
  File "C:\Program Files\WindowsApps\PythonSoftwareFoundation.Python.3.11_3.11.2544.0_x64__qbz5n2kfra8p0\Lib\encodings\cp1252.py", line 19, in encode
    return codecs.charmap_encode(input,self.errors,encoding_table)[0]
           ^^^^^^^^^^^^^^^^^^^^^^^^^^^^^^^^^^^^^^^^^^^^^^^^^^^^^^^
UnicodeEncodeError: 'charmap' codec can't encode character '\U0001f9e0' in position 0: character maps to <undefined>
2025-09-29 18:09:30,812 [ERROR] failed: D:\FEandBE\travel-ai\.venv\Scripts\python.exe build_nn.py (code 1)
2025-09-29 18:09:30,816 [INFO] run: D:\FEandBE\travel-ai\.venv\Scripts\python.exe -m src.etl_qna data/qna_places.csv
2025-09-29 18:09:31,335 [WARNING] Traceback (most recent call last):
  File "<frozen runpy>", line 198, in _run_module_as_main
  File "<frozen runpy>", line 88, in _run_code
  File "D:\FEandBE\travel-ai\src\etl_qna.py", line 119, in <module>
    main(sys.argv[1], OUT_PARQUET)
  File "D:\FEandBE\travel-ai\src\etl_qna.py", line 111, in main
    print(f"\u2705 Wrote {out_parquet} with {len(df)} rows")
  File "C:\Program Files\WindowsApps\PythonSoftwareFoundation.Python.3.11_3.11.2544.0_x64__qbz5n2kfra8p0\Lib\encodings\cp1252.py", line 19, in encode
    return codecs.charmap_encode(input,self.errors,encoding_table)[0]
           ^^^^^^^^^^^^^^^^^^^^^^^^^^^^^^^^^^^^^^^^^^^^^^^^^^^^^^^
UnicodeEncodeError: 'charmap' codec can't encode character '\u2705' in position 0: character maps to <undefined>
2025-09-29 18:09:31,335 [ERROR] failed: D:\FEandBE\travel-ai\.venv\Scripts\python.exe -m src.etl_qna data/qna_places.csv (code 1)
2025-09-29 18:09:31,337 [INFO] run: D:\FEandBE\travel-ai\.venv\Scripts\python.exe build_qna_nn.py
2025-09-29 18:09:56,112 [INFO] [build_nn] rows=176  model=intfloat/multilingual-e5-base
[build_nn] saved nn_embeds.npy (176x768) and nn_meta.json
2025-09-29 18:09:56,113 [WARNING] Batches:   0%|          | 0/3 [00:00<?, ?it/s]
Batches:  33%|###3      | 1/3 [00:03<00:07,  3.91s/it]
Batches:  67%|######6   | 2/3 [00:07<00:03,  3.51s/it]
Batches: 100%|##########| 3/3 [00:09<00:00,  2.80s/it]
Batches: 100%|##########| 3/3 [00:09<00:00,  3.03s/it]
2025-09-29 18:09:56,118 [INFO] ==== daily update done | ok=False | 35.4s ====
